<?xml version='1.0' encoding='UTF-8' ?>
<testsuite name="LOLLIPOP" tests="1" failures="1" errors="0" skipped="0" time="0.0" timestamp="2016-05-05T15:45:12" hostname="localhost">
  <properties>
    <property name="device" value="TestRunner" />
    <property name="flavor" value="LOLLIPOP" />
    <property name="project" value="OpenRedmine" />
  </properties>
  <testcase name=": No compatible devices connected." classname="LOLLIPOP" time="0.001">
    <failure>Found 1 connected device(s), 0 of which were compatible.</failure>
  </testcase>
</testsuite>