<?xml version='1.0' encoding='UTF-8' ?>
<testsuite name="org.transdroid.daemon.util.SocketFactoryTest" tests="2" failures="0" errors="0" skipped="0" time="0.156" timestamp="2016-01-26T15:29:35" hostname="localhost">
  <properties>
    <property name="device" value="test(AVD) - 4.4.4" />
    <property name="flavor" value="" />
    <property name="project" value="Transdroid" />
  </properties>
  <testcase name="testAndroidTestCaseSetupProperly" classname="org.transdroid.daemon.util.SocketFactoryTest" time="0.026" />
  <testcase name="testDummy" classname="org.transdroid.daemon.util.SocketFactoryTest" time="0.051" />
</testsuite>