<?xml version='1.0' encoding='UTF-8' ?>
<testsuite name="jp.redmine.redmineclient.testentity.TypeConverterTest" tests="6" failures="0" errors="0" skipped="0" time="0.291" timestamp="2016-01-26T15:29:13" hostname="localhost">
  <properties>
    <property name="device" value="test(AVD) - 4.4.4" />
    <property name="flavor" value="" />
    <property name="project" value="OpenRedmine" />
  </properties>
  <testcase name="testAndroidTestCaseSetupProperly" classname="jp.redmine.redmineclient.testentity.TypeConverterTest" time="0.001" />
  <testcase name="testDateTimeLocal" classname="jp.redmine.redmineclient.testentity.TypeConverterTest" time="0.025" />
  <testcase name="testDateTimeLocalMs" classname="jp.redmine.redmineclient.testentity.TypeConverterTest" time="0.026" />
  <testcase name="testDateTimeUTC" classname="jp.redmine.redmineclient.testentity.TypeConverterTest" time="0.025" />
  <testcase name="testAndroidTestCaseSetupProperly" classname="jp.redmine.redmineclient.testurl.RemoteUrlIssueTest" time="0.026" />
  <testcase name="testRaw" classname="jp.redmine.redmineclient.testurl.RemoteUrlIssueTest" time="0.026" />
</testsuite>